[2023-12-16 20:10:45] local.ERROR: Uncaught Symfony\Component\Finder\Exception\DirectoryNotFoundException: The "C:\Laravel\laravel-assessment\resources\views" directory does not exist. in C:\Laravel\laravel-assessment\backend\vendor\symfony\finder\Finder.php:649
Stack trace:
#0 C:\Laravel\laravel-assessment\backend\vendor\laravel\framework\src\Illuminate\Filesystem\Filesystem.php(585): Symfony\Component\Finder\Finder->in('C:\\Laravel\\lara...')
#1 Command line code(1): Illuminate\Filesystem\Filesystem->files('C:\\Laravel\\lara...')
#2 Command line code(1): getViews('C:\\Laravel\\lara...', Object(Illuminate\Filesystem\Filesystem))
#3 {main}
  thrown {"exception":"[object] (Symfony\\Component\\ErrorHandler\\Error\\FatalError(code: 0): Uncaught Symfony\\Component\\Finder\\Exception\\DirectoryNotFoundException: The \"C:\\Laravel\\laravel-assessment\\resources\\views\" directory does not exist. in C:\\Laravel\\laravel-assessment\\backend\\vendor\\symfony\\finder\\Finder.php:649
Stack trace:
#0 C:\\Laravel\\laravel-assessment\\backend\\vendor\\laravel\\framework\\src\\Illuminate\\Filesystem\\Filesystem.php(585): Symfony\\Component\\Finder\\Finder->in('C:\\\\Laravel\\\\lara...')
#1 Command line code(1): Illuminate\\Filesystem\\Filesystem->files('C:\\\\Laravel\\\\lara...')
#2 Command line code(1): getViews('C:\\\\Laravel\\\\lara...', Object(Illuminate\\Filesystem\\Filesystem))
#3 {main}
  thrown at C:\\Laravel\\laravel-assessment\\backend\\vendor\\symfony\\finder\\Finder.php:649)
[stacktrace]
#0 {main}
"} 
[2023-12-17 08:39:45] local.ERROR: Uncaught Symfony\Component\Finder\Exception\DirectoryNotFoundException: The "C:\Laravel\laravel-assessment\resources\views" directory does not exist. in C:\Laravel\laravel-assessment\backend\vendor\symfony\finder\Finder.php:649
Stack trace:
#0 C:\Laravel\laravel-assessment\backend\vendor\laravel\framework\src\Illuminate\Filesystem\Filesystem.php(585): Symfony\Component\Finder\Finder->in('C:\\Laravel\\lara...')
#1 Command line code(1): Illuminate\Filesystem\Filesystem->files('C:\\Laravel\\lara...')
#2 Command line code(1): getViews('C:\\Laravel\\lara...', Object(Illuminate\Filesystem\Filesystem))
#3 {main}
  thrown {"exception":"[object] (Symfony\\Component\\ErrorHandler\\Error\\FatalError(code: 0): Uncaught Symfony\\Component\\Finder\\Exception\\DirectoryNotFoundException: The \"C:\\Laravel\\laravel-assessment\\resources\\views\" directory does not exist. in C:\\Laravel\\laravel-assessment\\backend\\vendor\\symfony\\finder\\Finder.php:649
Stack trace:
#0 C:\\Laravel\\laravel-assessment\\backend\\vendor\\laravel\\framework\\src\\Illuminate\\Filesystem\\Filesystem.php(585): Symfony\\Component\\Finder\\Finder->in('C:\\\\Laravel\\\\lara...')
#1 Command line code(1): Illuminate\\Filesystem\\Filesystem->files('C:\\\\Laravel\\\\lara...')
#2 Command line code(1): getViews('C:\\\\Laravel\\\\lara...', Object(Illuminate\\Filesystem\\Filesystem))
#3 {main}
  thrown at C:\\Laravel\\laravel-assessment\\backend\\vendor\\symfony\\finder\\Finder.php:649)
[stacktrace]
#0 {main}
"} 
